<?xml version="1.0" encoding="UTF-8"?>
<!-- Generated by org.testng.reporters.JUnitReportReporter -->
<testsuite skipped="0" hostname="DESKTOP-N60QB27" name="testcases.HomePageTest" tests="1" failures="0" timestamp="2022-09-17T16:57:57 IST" time="1.434" errors="0">
  <testcase name="homePageTest" time="1.434" classname="testcases.HomePageTest"/>
  <system-out/>
</testsuite> <!-- testcases.HomePageTest -->
