<?xml version="1.0" encoding="UTF-8"?>
<!-- Generated by org.testng.reporters.JUnitReportReporter -->
<testsuite skipped="0" hostname="DESKTOP-N60QB27" name="testcases.ProductCheckOutTest" tests="1" failures="0" timestamp="2022-09-17T17:44:08 IST" time="8.088" errors="0">
  <testcase name="productCheckOutTest" time="8.088" classname="testcases.ProductCheckOutTest"/>
  <system-out/>
</testsuite> <!-- testcases.ProductCheckOutTest -->
