<?xml version="1.0" encoding="UTF-8"?>
<!-- Generated by org.testng.reporters.JUnitReportReporter -->
<testsuite skipped="0" hostname="DESKTOP-N60QB27" name="testcases.LoginPageTest" tests="1" failures="0" timestamp="2022-09-17T16:44:06 IST" time="5.428" errors="0">
  <testcase name="loginTest" time="5.428" classname="testcases.LoginPageTest"/>
  <system-out/>
</testsuite> <!-- testcases.LoginPageTest -->
